<?xml version="1.0" encoding="UTF-8"?>
<!-- Generated by org.testng.reporters.JUnitReportReporter -->
<testsuite skipped="0" hostname="DESKTOP-HTUR9S2" name="testcase.DateValidations" tests="10" failures="0" timestamp="19 May 2020 10:32:07 GMT" time="76.413" errors="0">
  <testcase name="dateFieldValidation" time="6.361" classname="testcase.DateValidations"/>
  <testcase name="dateFieldValidation" time="6.340" classname="testcase.DateValidations"/>
  <testcase name="dateFieldValidation" time="6.639" classname="testcase.DateValidations"/>
  <testcase name="dateFieldValidation" time="8.539" classname="testcase.DateValidations"/>
  <testcase name="dateFieldValidation" time="6.374" classname="testcase.DateValidations"/>
  <testcase name="dateFieldValidation" time="11.188" classname="testcase.DateValidations"/>
  <testcase name="dateFieldValidation" time="9.542" classname="testcase.DateValidations"/>
  <testcase name="dateFieldValidation" time="6.539" classname="testcase.DateValidations"/>
  <testcase name="dateFieldValidation" time="8.417" classname="testcase.DateValidations"/>
  <testcase name="dateFieldValidation" time="6.474" classname="testcase.DateValidations"/>
</testsuite> <!-- testcase.DateValidations -->
