<?xml version="1.0" encoding="UTF-8"?>
<!-- Generated by org.testng.reporters.JUnitReportReporter -->
<testsuite skipped="0" hostname="DESKTOP-HTUR9S2" name="testcase.InvalidDate" tests="1" failures="0" timestamp="19 May 2020 10:46:52 GMT" time="8.744" errors="0">
  <testcase name="dateFieldValidation" time="8.744" classname="testcase.InvalidDate"/>
</testsuite> <!-- testcase.InvalidDate -->
